<?xml version="1.0" encoding="UTF-8"?>
<testng-results ignored="0" total="1" passed="1" failed="0" skipped="0">
  <reporter-output>
    <line>
      <![CDATA[No Of rows are ::8]]>
    </line>
    <line>
      <![CDATA[Customer number matching]]>
    </line>
    <line>
      <![CDATA[Customer number matching]]>
    </line>
    <line>
      <![CDATA[Customer number matching]]>
    </line>
    <line>
      <![CDATA[Customer number matching]]>
    </line>
    <line>
      <![CDATA[Customer number matching]]>
    </line>
    <line>
      <![CDATA[Customer number matching]]>
    </line>
    <line>
      <![CDATA[Customer number matching]]>
    </line>
    <line>
      <![CDATA[Customer number matching]]>
    </line>
  </reporter-output>
  <suite started-at="2024-05-23T11:56:37 IST" name="Default suite" finished-at="2024-05-23T11:58:39 IST" duration-ms="122257">
    <groups>
    </groups>
    <test started-at="2024-05-23T11:56:37 IST" name="Default test" finished-at="2024-05-23T11:58:39 IST" duration-ms="122257">
      <class name="driverFactory.AppTest">
        <test-method is-config="true" signature="Setup()[pri:0, instance:driverFactory.AppTest@4fb61f4a]" started-at="2024-05-23T11:56:37 IST" name="Setup" finished-at="2024-05-23T11:56:41 IST" duration-ms="3942" status="PASS">
          <reporter-output>
          </reporter-output>
        </test-method> <!-- Setup -->
        <test-method signature="add_Customer()[pri:0, instance:driverFactory.AppTest@4fb61f4a]" started-at="2024-05-23T11:56:41 IST" name="add_Customer" finished-at="2024-05-23T11:58:38 IST" duration-ms="117237" status="PASS">
          <reporter-output>
            <line>
              <![CDATA[No Of rows are ::8]]>
            </line>
            <line>
              <![CDATA[Customer number matching]]>
            </line>
            <line>
              <![CDATA[Customer number matching]]>
            </line>
            <line>
              <![CDATA[Customer number matching]]>
            </line>
            <line>
              <![CDATA[Customer number matching]]>
            </line>
            <line>
              <![CDATA[Customer number matching]]>
            </line>
            <line>
              <![CDATA[Customer number matching]]>
            </line>
            <line>
              <![CDATA[Customer number matching]]>
            </line>
            <line>
              <![CDATA[Customer number matching]]>
            </line>
          </reporter-output>
        </test-method> <!-- add_Customer -->
        <test-method is-config="true" signature="teardown()[pri:0, instance:driverFactory.AppTest@4fb61f4a]" started-at="2024-05-23T11:58:38 IST" name="teardown" finished-at="2024-05-23T11:58:39 IST" duration-ms="1033" status="PASS">
          <reporter-output>
          </reporter-output>
        </test-method> <!-- teardown -->
      </class> <!-- driverFactory.AppTest -->
    </test> <!-- Default test -->
  </suite> <!-- Default suite -->
</testng-results>
